<?xml version="1.0" encoding="UTF-8"?>
<!-- Generated by org.testng.reporters.JUnitReportReporter -->
<testsuite hostname="LAPTOP-5D2VBBGP" failures="0" tests="1" name="testCases.Tc_002_LoginTest" time="1.589" errors="0" timestamp="2024-08-30T11:36:11 IST" skipped="0">
  <testcase classname="testCases.Tc_002_LoginTest" name="verify_login" time="1.589"/>
</testsuite> <!-- testCases.Tc_002_LoginTest -->
