<?xml version="1.0" encoding="UTF-8"?>
<!-- Generated by org.testng.reporters.JUnitReportReporter -->
<testsuite hostname="LAPTOP-5D2VBBGP" failures="0" tests="1" name="testCases.Tc_001_UserRegistration" time="8.545" errors="0" timestamp="2024-08-30T11:36:11 IST" skipped="0">
  <testcase classname="testCases.Tc_001_UserRegistration" name="verify_details" time="8.545"/>
</testsuite> <!-- testCases.Tc_001_UserRegistration -->
